Library/Bee/Android/Prj/Mono2x/Gradle/launcher/build/intermediates/manifest_merge_blame_file/release/manifest-merger-blame-release-report.txt
1<?xml version="1.0" encoding="utf-8"?>
2<manifest xmlns:android="http://schemas.android.com/apk/res/android"
3    package="com.horita.gfc"
4    android:installLocation="preferExternal"
5    android:versionCode="1"
6    android:versionName="1.0" >
7
8    <uses-sdk
9        android:minSdkVersion="22"
9-->src\main\AndroidManifest.xml
10        android:targetSdkVersion="30" />
10-->src\main\AndroidManifest.xml
11
12    <supports-screens
12-->src\main\AndroidManifest.xml:3:3-163
13        android:anyDensity="true"
13-->src\main\AndroidManifest.xml:3:135-160
14        android:largeScreens="true"
14-->src\main\AndroidManifest.xml:3:78-105
15        android:normalScreens="true"
15-->src\main\AndroidManifest.xml:3:49-77
16        android:smallScreens="true"
16-->src\main\AndroidManifest.xml:3:21-48
17        android:xlargeScreens="true" />
17-->src\main\AndroidManifest.xml:3:106-134
18
19    <uses-feature android:glEsVersion="0x00030000" />
19-->[:unityLibrary] AndroidManifest.xml:12:5-54
19-->[:unityLibrary] AndroidManifest.xml:12:19-51
20    <uses-feature
20-->[:unityLibrary] AndroidManifest.xml:13:5-15:36
21        android:name="android.hardware.vulkan.version"
21-->[:unityLibrary] AndroidManifest.xml:14:9-55
22        android:required="false" />
22-->[:unityLibrary] AndroidManifest.xml:15:9-33
23
24    <uses-permission android:name="android.permission.INTERNET" />
24-->[:unityLibrary] AndroidManifest.xml:17:5-67
24-->[:unityLibrary] AndroidManifest.xml:17:22-64
25
26    <uses-feature
26-->[:unityLibrary] AndroidManifest.xml:19:5-21:36
27        android:name="android.hardware.touchscreen"
27-->[:unityLibrary] AndroidManifest.xml:20:9-52
28        android:required="false" />
28-->[:unityLibrary] AndroidManifest.xml:21:9-33
29    <uses-feature
29-->[:unityLibrary] AndroidManifest.xml:22:5-24:36
30        android:name="android.hardware.touchscreen.multitouch"
30-->[:unityLibrary] AndroidManifest.xml:23:9-63
31        android:required="false" />
31-->[:unityLibrary] AndroidManifest.xml:24:9-33
32    <uses-feature
32-->[:unityLibrary] AndroidManifest.xml:25:5-27:36
33        android:name="android.hardware.touchscreen.multitouch.distinct"
33-->[:unityLibrary] AndroidManifest.xml:26:9-72
34        android:required="false" /> <!-- Although the *SdkVersion is captured in gradle build files, this is required for non gradle builds -->
34-->[:unityLibrary] AndroidManifest.xml:27:9-33
35    <!-- <uses-sdk android:minSdkVersion="14"/> -->
36    <uses-permission android:name="android.permission.ACCESS_NETWORK_STATE" />
36-->[com.google.firebase:firebase-database:20.2.2] AndroidManifest.xml:24:5-79
36-->[com.google.firebase:firebase-database:20.2.2] AndroidManifest.xml:24:22-76
37    <uses-permission android:name="android.permission.WAKE_LOCK" />
37-->[com.google.android.gms:play-services-measurement-api:21.3.0] AndroidManifest.xml:24:5-68
37-->[com.google.android.gms:play-services-measurement-api:21.3.0] AndroidManifest.xml:24:22-65
38    <uses-permission android:name="com.google.android.gms.permission.AD_ID" />
38-->[com.google.android.gms:play-services-measurement-api:21.3.0] AndroidManifest.xml:25:5-79
38-->[com.google.android.gms:play-services-measurement-api:21.3.0] AndroidManifest.xml:25:22-76
39    <uses-permission android:name="com.google.android.finsky.permission.BIND_GET_INSTALL_REFERRER_SERVICE" />
39-->[com.google.android.gms:play-services-measurement:21.3.0] AndroidManifest.xml:26:5-110
39-->[com.google.android.gms:play-services-measurement:21.3.0] AndroidManifest.xml:26:22-107
40
41    <application
41-->src\main\AndroidManifest.xml:4:3-126
42        android:appComponentFactory="androidx.core.app.CoreComponentFactory"
42-->[androidx.core:core:1.2.0] AndroidManifest.xml:24:18-86
43        android:extractNativeLibs="true"
43-->[:unityLibrary] AndroidManifest.xml:29:18-50
44        android:icon="@mipmap/app_icon"
44-->src\main\AndroidManifest.xml:4:49-80
45        android:label="@string/app_name"
45-->src\main\AndroidManifest.xml:4:16-48
46        android:roundIcon="@mipmap/app_icon_round" >
46-->src\main\AndroidManifest.xml:4:81-123
47        <activity
47-->[:unityLibrary] AndroidManifest.xml:30:9-50:20
48            android:name="com.unity3d.player.UnityPlayerActivity"
48-->[:unityLibrary] AndroidManifest.xml:31:13-66
49            android:configChanges="mcc|mnc|locale|touchscreen|keyboard|keyboardHidden|navigation|orientation|screenLayout|uiMode|screenSize|smallestScreenSize|fontScale|layoutDirection|density"
49-->[:unityLibrary] AndroidManifest.xml:32:13-194
50            android:hardwareAccelerated="false"
50-->[:unityLibrary] AndroidManifest.xml:33:13-48
51            android:launchMode="singleTask"
51-->[:unityLibrary] AndroidManifest.xml:34:13-44
52            android:resizeableActivity="false"
52-->[:unityLibrary] AndroidManifest.xml:35:13-47
53            android:screenOrientation="reverseLandscape"
53-->[:unityLibrary] AndroidManifest.xml:36:13-57
54            android:theme="@style/UnityThemeSelector" >
54-->[:unityLibrary] AndroidManifest.xml:37:13-54
55            <intent-filter>
55-->[:unityLibrary] AndroidManifest.xml:38:13-42:29
56                <action android:name="android.intent.action.MAIN" />
56-->[:unityLibrary] AndroidManifest.xml:39:17-69
56-->[:unityLibrary] AndroidManifest.xml:39:25-66
57
58                <category android:name="android.intent.category.LAUNCHER" />
58-->[:unityLibrary] AndroidManifest.xml:41:17-77
58-->[:unityLibrary] AndroidManifest.xml:41:27-74
59            </intent-filter>
60
61            <meta-data
61-->[:unityLibrary] AndroidManifest.xml:44:13-46:40
62                android:name="unityplayer.UnityActivity"
62-->[:unityLibrary] AndroidManifest.xml:45:17-57
63                android:value="true" />
63-->[:unityLibrary] AndroidManifest.xml:46:17-37
64            <meta-data
64-->[:unityLibrary] AndroidManifest.xml:47:13-49:40
65                android:name="android.notch_support"
65-->[:unityLibrary] AndroidManifest.xml:48:17-53
66                android:value="true" />
66-->[:unityLibrary] AndroidManifest.xml:49:17-37
67        </activity>
68
69        <meta-data
69-->[:unityLibrary] AndroidManifest.xml:52:9-54:33
70            android:name="unity.splash-mode"
70-->[:unityLibrary] AndroidManifest.xml:53:13-45
71            android:value="0" />
71-->[:unityLibrary] AndroidManifest.xml:54:13-30
72        <meta-data
72-->[:unityLibrary] AndroidManifest.xml:55:9-57:36
73            android:name="unity.splash-enable"
73-->[:unityLibrary] AndroidManifest.xml:56:13-47
74            android:value="True" />
74-->[:unityLibrary] AndroidManifest.xml:57:13-33
75        <meta-data
75-->[:unityLibrary] AndroidManifest.xml:58:9-60:36
76            android:name="unity.launch-fullscreen"
76-->[:unityLibrary] AndroidManifest.xml:59:13-51
77            android:value="True" />
77-->[:unityLibrary] AndroidManifest.xml:60:13-33
78        <meta-data
78-->[:unityLibrary] AndroidManifest.xml:61:9-63:37
79            android:name="unity.allow-resizable-window"
79-->[:unityLibrary] AndroidManifest.xml:62:13-56
80            android:value="False" />
80-->[:unityLibrary] AndroidManifest.xml:63:13-34
81        <meta-data
81-->[:unityLibrary] AndroidManifest.xml:64:9-66:50
82            android:name="notch.config"
82-->[:unityLibrary] AndroidManifest.xml:65:13-40
83            android:value="portrait|landscape" />
83-->[:unityLibrary] AndroidManifest.xml:66:13-47
84        <meta-data
84-->[:unityLibrary] AndroidManifest.xml:67:9-69:36
85            android:name="unity.auto-report-fully-drawn"
85-->[:unityLibrary] AndroidManifest.xml:68:13-57
86            android:value="true" />
86-->[:unityLibrary] AndroidManifest.xml:69:13-33
87
88        <service
88-->[com.google.firebase:firebase-database:20.2.2] AndroidManifest.xml:28:9-34:19
89            android:name="com.google.firebase.components.ComponentDiscoveryService"
89-->[com.google.firebase:firebase-database:20.2.2] AndroidManifest.xml:29:13-84
90            android:directBootAware="true"
90-->[com.google.firebase:firebase-common:20.3.3] AndroidManifest.xml:34:13-43
91            android:exported="false" >
91-->[com.google.firebase:firebase-database:20.2.2] AndroidManifest.xml:30:13-37
92            <meta-data
92-->[com.google.firebase:firebase-database:20.2.2] AndroidManifest.xml:31:13-33:85
93                android:name="com.google.firebase.components:com.google.firebase.database.DatabaseRegistrar"
93-->[com.google.firebase:firebase-database:20.2.2] AndroidManifest.xml:32:17-109
94                android:value="com.google.firebase.components.ComponentRegistrar" />
94-->[com.google.firebase:firebase-database:20.2.2] AndroidManifest.xml:33:17-82
95            <meta-data
95-->[com.google.firebase:firebase-auth:22.1.1] AndroidManifest.xml:69:13-71:85
96                android:name="com.google.firebase.components:com.google.firebase.auth.FirebaseAuthRegistrar"
96-->[com.google.firebase:firebase-auth:22.1.1] AndroidManifest.xml:70:17-109
97                android:value="com.google.firebase.components.ComponentRegistrar" />
97-->[com.google.firebase:firebase-auth:22.1.1] AndroidManifest.xml:71:17-82
98            <meta-data
98-->[com.google.android.gms:play-services-measurement-api:21.3.0] AndroidManifest.xml:31:13-33:85
99                android:name="com.google.firebase.components:com.google.firebase.analytics.connector.internal.AnalyticsConnectorRegistrar"
99-->[com.google.android.gms:play-services-measurement-api:21.3.0] AndroidManifest.xml:32:17-139
100                android:value="com.google.firebase.components.ComponentRegistrar" />
100-->[com.google.android.gms:play-services-measurement-api:21.3.0] AndroidManifest.xml:33:17-82
101            <meta-data
101-->[com.google.firebase:firebase-installations:17.0.1] AndroidManifest.xml:18:13-20:85
102                android:name="com.google.firebase.components:com.google.firebase.installations.FirebaseInstallationsRegistrar"
102-->[com.google.firebase:firebase-installations:17.0.1] AndroidManifest.xml:19:17-127
103                android:value="com.google.firebase.components.ComponentRegistrar" />
103-->[com.google.firebase:firebase-installations:17.0.1] AndroidManifest.xml:20:17-82
104        </service>
105
106        <activity
106-->[com.google.firebase:firebase-auth:22.1.1] AndroidManifest.xml:29:9-46:20
107            android:name="com.google.firebase.auth.internal.GenericIdpActivity"
107-->[com.google.firebase:firebase-auth:22.1.1] AndroidManifest.xml:30:13-80
108            android:excludeFromRecents="true"
108-->[com.google.firebase:firebase-auth:22.1.1] AndroidManifest.xml:31:13-46
109            android:exported="true"
109-->[com.google.firebase:firebase-auth:22.1.1] AndroidManifest.xml:32:13-36
110            android:launchMode="singleTask"
110-->[com.google.firebase:firebase-auth:22.1.1] AndroidManifest.xml:33:13-44
111            android:theme="@android:style/Theme.Translucent.NoTitleBar" >
111-->[com.google.firebase:firebase-auth:22.1.1] AndroidManifest.xml:34:13-72
112            <intent-filter>
112-->[com.google.firebase:firebase-auth:22.1.1] AndroidManifest.xml:35:13-45:29
113                <action android:name="android.intent.action.VIEW" />
113-->[com.google.firebase:firebase-auth:22.1.1] AndroidManifest.xml:36:17-69
113-->[com.google.firebase:firebase-auth:22.1.1] AndroidManifest.xml:36:25-66
114
115                <category android:name="android.intent.category.DEFAULT" />
115-->[com.google.firebase:firebase-auth:22.1.1] AndroidManifest.xml:38:17-76
115-->[com.google.firebase:firebase-auth:22.1.1] AndroidManifest.xml:38:27-73
116                <category android:name="android.intent.category.BROWSABLE" />
116-->[com.google.firebase:firebase-auth:22.1.1] AndroidManifest.xml:39:17-78
116-->[com.google.firebase:firebase-auth:22.1.1] AndroidManifest.xml:39:27-75
117
118                <data
118-->[com.google.firebase:firebase-auth:22.1.1] AndroidManifest.xml:41:17-44:51
119                    android:host="firebase.auth"
119-->[com.google.firebase:firebase-auth:22.1.1] AndroidManifest.xml:42:21-49
120                    android:path="/"
120-->[com.google.firebase:firebase-auth:22.1.1] AndroidManifest.xml:43:21-37
121                    android:scheme="genericidp" />
121-->[com.google.firebase:firebase-auth:22.1.1] AndroidManifest.xml:44:21-48
122            </intent-filter>
123        </activity>
124        <activity
124-->[com.google.firebase:firebase-auth:22.1.1] AndroidManifest.xml:47:9-64:20
125            android:name="com.google.firebase.auth.internal.RecaptchaActivity"
125-->[com.google.firebase:firebase-auth:22.1.1] AndroidManifest.xml:48:13-79
126            android:excludeFromRecents="true"
126-->[com.google.firebase:firebase-auth:22.1.1] AndroidManifest.xml:49:13-46
127            android:exported="true"
127-->[com.google.firebase:firebase-auth:22.1.1] AndroidManifest.xml:50:13-36
128            android:launchMode="singleTask"
128-->[com.google.firebase:firebase-auth:22.1.1] AndroidManifest.xml:51:13-44
129            android:theme="@android:style/Theme.Translucent.NoTitleBar" >
129-->[com.google.firebase:firebase-auth:22.1.1] AndroidManifest.xml:52:13-72
130            <intent-filter>
130-->[com.google.firebase:firebase-auth:22.1.1] AndroidManifest.xml:53:13-63:29
131                <action android:name="android.intent.action.VIEW" />
131-->[com.google.firebase:firebase-auth:22.1.1] AndroidManifest.xml:36:17-69
131-->[com.google.firebase:firebase-auth:22.1.1] AndroidManifest.xml:36:25-66
132
133                <category android:name="android.intent.category.DEFAULT" />
133-->[com.google.firebase:firebase-auth:22.1.1] AndroidManifest.xml:38:17-76
133-->[com.google.firebase:firebase-auth:22.1.1] AndroidManifest.xml:38:27-73
134                <category android:name="android.intent.category.BROWSABLE" />
134-->[com.google.firebase:firebase-auth:22.1.1] AndroidManifest.xml:39:17-78
134-->[com.google.firebase:firebase-auth:22.1.1] AndroidManifest.xml:39:27-75
135
136                <data
136-->[com.google.firebase:firebase-auth:22.1.1] AndroidManifest.xml:41:17-44:51
137                    android:host="firebase.auth"
137-->[com.google.firebase:firebase-auth:22.1.1] AndroidManifest.xml:42:21-49
138                    android:path="/"
138-->[com.google.firebase:firebase-auth:22.1.1] AndroidManifest.xml:43:21-37
139                    android:scheme="recaptcha" />
139-->[com.google.firebase:firebase-auth:22.1.1] AndroidManifest.xml:44:21-48
140            </intent-filter>
141        </activity>
142        <activity
142-->[com.google.android.gms:play-services-base:18.2.0] AndroidManifest.xml:20:9-22:45
143            android:name="com.google.android.gms.common.api.GoogleApiActivity"
143-->[com.google.android.gms:play-services-base:18.2.0] AndroidManifest.xml:20:19-85
144            android:exported="false"
144-->[com.google.android.gms:play-services-base:18.2.0] AndroidManifest.xml:22:19-43
145            android:theme="@android:style/Theme.Translucent.NoTitleBar" />
145-->[com.google.android.gms:play-services-base:18.2.0] AndroidManifest.xml:21:19-78
146
147        <provider
147-->[com.google.firebase:firebase-common:20.3.3] AndroidManifest.xml:25:9-30:39
148            android:name="com.google.firebase.provider.FirebaseInitProvider"
148-->[com.google.firebase:firebase-common:20.3.3] AndroidManifest.xml:26:13-77
149            android:authorities="com.horita.gfc.firebaseinitprovider"
149-->[com.google.firebase:firebase-common:20.3.3] AndroidManifest.xml:27:13-72
150            android:directBootAware="true"
150-->[com.google.firebase:firebase-common:20.3.3] AndroidManifest.xml:28:13-43
151            android:exported="false"
151-->[com.google.firebase:firebase-common:20.3.3] AndroidManifest.xml:29:13-37
152            android:initOrder="100" />
152-->[com.google.firebase:firebase-common:20.3.3] AndroidManifest.xml:30:13-36
153
154        <receiver
154-->[com.google.android.gms:play-services-measurement:21.3.0] AndroidManifest.xml:29:9-33:20
155            android:name="com.google.android.gms.measurement.AppMeasurementReceiver"
155-->[com.google.android.gms:play-services-measurement:21.3.0] AndroidManifest.xml:30:13-85
156            android:enabled="true"
156-->[com.google.android.gms:play-services-measurement:21.3.0] AndroidManifest.xml:31:13-35
157            android:exported="false" >
157-->[com.google.android.gms:play-services-measurement:21.3.0] AndroidManifest.xml:32:13-37
158        </receiver>
159
160        <service
160-->[com.google.android.gms:play-services-measurement:21.3.0] AndroidManifest.xml:35:9-38:40
161            android:name="com.google.android.gms.measurement.AppMeasurementService"
161-->[com.google.android.gms:play-services-measurement:21.3.0] AndroidManifest.xml:36:13-84
162            android:enabled="true"
162-->[com.google.android.gms:play-services-measurement:21.3.0] AndroidManifest.xml:37:13-35
163            android:exported="false" />
163-->[com.google.android.gms:play-services-measurement:21.3.0] AndroidManifest.xml:38:13-37
164        <service
164-->[com.google.android.gms:play-services-measurement:21.3.0] AndroidManifest.xml:39:9-43:72
165            android:name="com.google.android.gms.measurement.AppMeasurementJobService"
165-->[com.google.android.gms:play-services-measurement:21.3.0] AndroidManifest.xml:40:13-87
166            android:enabled="true"
166-->[com.google.android.gms:play-services-measurement:21.3.0] AndroidManifest.xml:41:13-35
167            android:exported="false"
167-->[com.google.android.gms:play-services-measurement:21.3.0] AndroidManifest.xml:42:13-37
168            android:permission="android.permission.BIND_JOB_SERVICE" />
168-->[com.google.android.gms:play-services-measurement:21.3.0] AndroidManifest.xml:43:13-69
169
170        <meta-data
170-->[com.google.android.gms:play-services-basement:18.1.0] AndroidManifest.xml:21:9-23:69
171            android:name="com.google.android.gms.version"
171-->[com.google.android.gms:play-services-basement:18.1.0] AndroidManifest.xml:22:13-58
172            android:value="@integer/google_play_services_version" />
172-->[com.google.android.gms:play-services-basement:18.1.0] AndroidManifest.xml:23:13-66
173    </application>
174
175</manifest>